<?xml version="1.0" encoding="UTF-8"?>
<!-- Generated by org.testng.reporters.JUnitReportReporter -->
<testsuite hostname="DESKTOP-R52F8JI" name="org.cross.Crossbrowser2" tests="1" failures="0" timestamp="2 Mar 2022 07:46:04 GMT" time="27.963" errors="0">
  <testcase name="tc01" time="27.963" classname="org.cross.Crossbrowser2"/>
</testsuite> <!-- org.cross.Crossbrowser2 -->
