<?xml version="1.0" encoding="UTF-8"?>
<!-- Generated by org.testng.reporters.JUnitReportReporter -->
<testsuite hostname="DESKTOP-R52F8JI" name="org.para.Testngpara2" tests="3" failures="0" timestamp="27 Feb 2022 06:27:13 GMT" time="11.295" errors="0">
  <testcase name="tc02" time="0.300" classname="org.para.Testngpara2"/>
  <testcase name="tc03" time="1.026" classname="org.para.Testngpara2"/>
  <testcase name="tc01" time="9.969" classname="org.para.Testngpara2"/>
</testsuite> <!-- org.para.Testngpara2 -->
