<?xml version="1.0" encoding="UTF-8"?>
<!-- Generated by org.testng.reporters.JUnitReportReporter -->
<testsuite skipped="0" hostname="DESKTOP-R52F8JI" name="org.testng.Testng1" tests="1" failures="0" timestamp="22 Feb 2022 13:21:08 GMT" time="0.006" errors="0">
  <testcase name="tc02" time="0.006" classname="org.testng.Testng1"/>
</testsuite> <!-- org.testng.Testng1 -->
