<?xml version="1.0" encoding="UTF-8"?>
<!-- Generated by org.testng.reporters.JUnitReportReporter -->
<testsuite hostname="DESKTOP-R52F8JI" name="org.excel0.Testexcel" tests="1" failures="0" timestamp="4 Mar 2022 08:27:17 GMT" time="1.065" errors="0">
  <testcase name="tc02" time="1.065" classname="org.excel0.Testexcel"/>
</testsuite> <!-- org.excel0.Testexcel -->
