<?xml version="1.0" encoding="UTF-8"?>
<!-- Generated by org.testng.reporters.JUnitReportReporter -->
<testsuite hostname="DESKTOP-R52F8JI" name="org.testng.Testng2" tests="1" failures="0" timestamp="23 Feb 2022 18:10:28 GMT" time="0.006" errors="0">
  <testcase name="tc02" time="0.006" classname="org.testng.Testng2"/>
</testsuite> <!-- org.testng.Testng2 -->
